 2 files changed, 22 insertions(+), 14 deletions(-)
GIT Repo adress: https://github.com/diySascha/Ender3_Klipper_backup
-------------------------------------------------
DONE with GIT upload script at 2023-03-04_15:52:13
-------------------------------------------------
-------------------------------------------------
START GIT upload script at 2023-03-07_19:53:23
-------------------------------------------------
origin	ssh://git@github.com/diySascha/Ender3_Klipper_backup.git (fetch)
origin	ssh://git@github.com/diySascha/Ender3_Klipper_backup.git (push)
origin	ssh://git@github.com/diySascha/Ender3_Klipper_backup.git (fetch)
origin	ssh://git@github.com/diySascha/Ender3_Klipper_backup.git (push)
Reinitialized existing Git repository in /home/pi/printer_data/config/.git/
[master ddda144] Backup_2023_03_07
 6 files changed, 68 insertions(+), 45 deletions(-)
GIT Repo adress: https://github.com/diySascha/Ender3_Klipper_backup
-------------------------------------------------
DONE with GIT upload script at 2023-03-07_19:53:26
-------------------------------------------------
-------------------------------------------------
START GIT upload script at 2023-05-23_21:33:10
-------------------------------------------------
origin	ssh://git@github.com/diySascha/Ender3_Klipper_backup.git (fetch)
origin	ssh://git@github.com/diySascha/Ender3_Klipper_backup.git (push)
origin	ssh://git@github.com/diySascha/Ender3_Klipper_backup.git (fetch)
origin	ssh://git@github.com/diySascha/Ender3_Klipper_backup.git (push)
Reinitialized existing Git repository in /home/pi/printer_data/config/.git/
[master dfb9381] Backup_2023_05_23
 5 files changed, 846 insertions(+), 21 deletions(-)
 create mode 100644 printer-20230419_125830.cfg
GIT Repo adress: https://github.com/diySascha/Ender3_Klipper_backup
-------------------------------------------------
DONE with GIT upload script at 2023-05-23_21:33:14
-------------------------------------------------
-------------------------------------------------
START GIT upload script at 2023-05-26_22:00:59
-------------------------------------------------
origin	ssh://git@github.com/diySascha/Ender3_Klipper_backup.git (fetch)
origin	ssh://git@github.com/diySascha/Ender3_Klipper_backup.git (push)
origin	ssh://git@github.com/diySascha/Ender3_Klipper_backup.git (fetch)
origin	ssh://git@github.com/diySascha/Ender3_Klipper_backup.git (push)
Reinitialized existing Git repository in /home/pi/printer_data/config/.git/
[master 98656df] Backup_2023_05_26
 5 files changed, 37 insertions(+), 835 deletions(-)
 delete mode 100644 printer-20230419_125830.cfg
GIT Repo adress: https://github.com/diySascha/Ender3_Klipper_backup
-------------------------------------------------
DONE with GIT upload script at 2023-05-26_22:01:03
-------------------------------------------------
-------------------------------------------------
START GIT upload script at 2023-05-26_23:15:22
-------------------------------------------------
origin	ssh://git@github.com/diySascha/Ender3_Klipper_backup.git (fetch)
origin	ssh://git@github.com/diySascha/Ender3_Klipper_backup.git (push)
origin	ssh://git@github.com/diySascha/Ender3_Klipper_backup.git (fetch)
origin	ssh://git@github.com/diySascha/Ender3_Klipper_backup.git (push)
Reinitialized existing Git repository in /home/pi/printer_data/config/.git/
[master 2c35458] Backup_2023_05_26
 8 files changed, 149 insertions(+), 36 deletions(-)
 create mode 100644 crowsnest.conf.2023-05-26-2212
 create mode 100644 crowsnest.conf.2023-05-26-2220
GIT Repo adress: https://github.com/diySascha/Ender3_Klipper_backup
-------------------------------------------------
DONE with GIT upload script at 2023-05-26_23:15:26
-------------------------------------------------
-------------------------------------------------
START GIT upload script at 2023-05-30_20:05:36
-------------------------------------------------
origin	ssh://git@github.com/diySascha/Ender3_Klipper_backup.git (fetch)
origin	ssh://git@github.com/diySascha/Ender3_Klipper_backup.git (push)
origin	ssh://git@github.com/diySascha/Ender3_Klipper_backup.git (fetch)
origin	ssh://git@github.com/diySascha/Ender3_Klipper_backup.git (push)
Reinitialized existing Git repository in /home/pi/printer_data/config/.git/
