-------------------------------------------------
START GIT upload script at 2023-02-12_04:15:35
-------------------------------------------------
To ssh://github.com/diySascha/Ender3_Klipper_backup.git
 + 509b117...7cda761 master -> master (forced update)
-------------------------------------------------
DONE with GIT upload script at 2023-02-12_04:15:38
-------------------------------------------------
-------------------------------------------------
START GIT upload script at 2023-02-12_14:17:41
-------------------------------------------------
To ssh://github.com/diySascha/Ender3_Klipper_backup.git
   7cda761..54c5750  master -> master
-------------------------------------------------
DONE with GIT upload script at 2023-02-12_14:17:45
-------------------------------------------------
-------------------------------------------------
START GIT upload script at 2023-02-12_14:23:33
-------------------------------------------------
To ssh://github.com/diySascha/Ender3_Klipper_backup.git
   54c5750..d0e6a9a  master -> master
-------------------------------------------------
DONE with GIT upload script at 2023-02-12_14:23:36
-------------------------------------------------
-------------------------------------------------
START GIT upload script at 2023-02-16_22:57:44
-------------------------------------------------
